11:58:26: runs_hist_df not found, commencing calculation
11:58:26: calculating run 0
11:58:26: calculating gamma = 0.1111111111111111
11:58:26: calculating KDTree at time = 0.0
11:58:27: calculating KDTree at time = 2.0
11:58:29: calculating KDTree at time = 5.0
11:58:30: calculating KDTree at time = 10.0
11:58:32: calculating KDTree at time = 20.0
11:58:33: creating hist at time = 0.0
11:58:33: creating hist at time = 2.0
11:58:34: creating hist at time = 5.0
11:58:34: creating hist at time = 10.0
11:58:34: creating hist at time = 20.0
11:58:35: calculating gamma = 0.125
11:58:35: calculating KDTree at time = 0.0
11:58:36: calculating KDTree at time = 2.0
11:58:38: calculating KDTree at time = 5.0
11:58:39: calculating KDTree at time = 10.0
11:58:40: calculating KDTree at time = 20.0
11:58:42: creating hist at time = 0.0
11:58:42: creating hist at time = 2.0
11:58:43: creating hist at time = 5.0
11:58:43: creating hist at time = 10.0
11:58:43: creating hist at time = 20.0
11:58:44: calculating gamma = 0.14285714285714285
11:58:44: calculating KDTree at time = 0.0
11:58:45: calculating KDTree at time = 2.0
11:58:46: calculating KDTree at time = 5.0
11:58:48: calculating KDTree at time = 10.0
11:58:49: calculating KDTree at time = 20.0
11:58:51: creating hist at time = 0.0
11:58:51: creating hist at time = 2.0
11:58:51: creating hist at time = 5.0
11:58:52: creating hist at time = 10.0
11:58:52: creating hist at time = 20.0
11:58:52: calculating gamma = 0.16666666666666666
11:58:53: calculating KDTree at time = 0.0
11:58:54: calculating KDTree at time = 2.0
11:58:56: calculating KDTree at time = 5.0
11:58:57: calculating KDTree at time = 10.0
11:58:58: calculating KDTree at time = 20.0
11:59:0: creating hist at time = 0.0
11:59:0: creating hist at time = 2.0
11:59:1: creating hist at time = 5.0
11:59:1: creating hist at time = 10.0
11:59:1: creating hist at time = 20.0
11:59:1: calculating gamma = 0.2
11:59:2: calculating KDTree at time = 0.0
11:59:3: calculating KDTree at time = 2.0
11:59:5: calculating KDTree at time = 5.0
11:59:6: calculating KDTree at time = 10.0
11:59:8: calculating KDTree at time = 20.0
11:59:9: creating hist at time = 0.0
11:59:9: creating hist at time = 2.0
11:59:10: creating hist at time = 5.0
11:59:10: creating hist at time = 10.0
11:59:10: creating hist at time = 20.0
11:59:11: calculating gamma = 0.25
11:59:11: calculating KDTree at time = 0.0
11:59:12: calculating KDTree at time = 2.0
11:59:14: calculating KDTree at time = 5.0
11:59:15: calculating KDTree at time = 10.0
11:59:16: calculating KDTree at time = 20.0
11:59:18: creating hist at time = 0.0
11:59:18: creating hist at time = 2.0
11:59:19: creating hist at time = 5.0
11:59:19: creating hist at time = 10.0
11:59:19: creating hist at time = 20.0
11:59:20: calculating gamma = 0.3333333333333333
11:59:20: calculating KDTree at time = 0.0
11:59:21: calculating KDTree at time = 2.0
11:59:23: calculating KDTree at time = 5.0
11:59:24: calculating KDTree at time = 10.0
11:59:25: calculating KDTree at time = 20.0
11:59:27: creating hist at time = 0.0
11:59:27: creating hist at time = 2.0
11:59:28: creating hist at time = 5.0
11:59:28: creating hist at time = 10.0
11:59:28: creating hist at time = 20.0
11:59:29: calculating run 1
11:59:29: calculating gamma = 0.1111111111111111
11:59:29: calculating KDTree at time = 0.0
11:59:30: calculating KDTree at time = 2.0
11:59:32: calculating KDTree at time = 5.0
11:59:33: calculating KDTree at time = 10.0
11:59:34: calculating KDTree at time = 20.0
11:59:36: creating hist at time = 0.0
11:59:37: creating hist at time = 2.0
11:59:37: creating hist at time = 5.0
11:59:38: creating hist at time = 10.0
11:59:38: creating hist at time = 20.0
11:59:38: calculating gamma = 0.125
11:59:39: calculating KDTree at time = 0.0
11:59:40: calculating KDTree at time = 2.0
11:59:41: calculating KDTree at time = 5.0
11:59:43: calculating KDTree at time = 10.0
11:59:44: calculating KDTree at time = 20.0
11:59:46: creating hist at time = 0.0
11:59:46: creating hist at time = 2.0
11:59:46: creating hist at time = 5.0
11:59:47: creating hist at time = 10.0
11:59:47: creating hist at time = 20.0
11:59:48: calculating gamma = 0.14285714285714285
11:59:48: calculating KDTree at time = 0.0
11:59:49: calculating KDTree at time = 2.0
11:59:51: calculating KDTree at time = 5.0
11:59:52: calculating KDTree at time = 10.0
11:59:53: calculating KDTree at time = 20.0
11:59:55: creating hist at time = 0.0
11:59:55: creating hist at time = 2.0
11:59:55: creating hist at time = 5.0
11:59:56: creating hist at time = 10.0
11:59:56: creating hist at time = 20.0
11:59:57: calculating gamma = 0.16666666666666666
11:59:57: calculating KDTree at time = 0.0
11:59:58: calculating KDTree at time = 2.0
12:0:0: calculating KDTree at time = 5.0
12:0:1: calculating KDTree at time = 10.0
12:0:2: calculating KDTree at time = 20.0
12:0:4: creating hist at time = 0.0
12:0:4: creating hist at time = 2.0
12:0:4: creating hist at time = 5.0
12:0:5: creating hist at time = 10.0
12:0:5: creating hist at time = 20.0
12:0:5: calculating gamma = 0.2
12:0:6: calculating KDTree at time = 0.0
12:0:7: calculating KDTree at time = 2.0
12:0:9: calculating KDTree at time = 5.0
12:0:10: calculating KDTree at time = 10.0
12:0:11: calculating KDTree at time = 20.0
12:0:13: creating hist at time = 0.0
12:0:13: creating hist at time = 2.0
12:0:14: creating hist at time = 5.0
12:0:14: creating hist at time = 10.0
12:0:14: creating hist at time = 20.0
12:0:15: calculating gamma = 0.25
12:0:15: calculating KDTree at time = 0.0
12:0:16: calculating KDTree at time = 2.0
12:0:18: calculating KDTree at time = 5.0
12:0:19: calculating KDTree at time = 10.0
12:0:21: calculating KDTree at time = 20.0
12:0:22: creating hist at time = 0.0
12:0:22: creating hist at time = 2.0
12:0:23: creating hist at time = 5.0
12:0:23: creating hist at time = 10.0
12:0:23: creating hist at time = 20.0
12:0:24: calculating gamma = 0.3333333333333333
12:0:24: calculating KDTree at time = 0.0
12:0:25: calculating KDTree at time = 2.0
12:0:27: calculating KDTree at time = 5.0
12:0:28: calculating KDTree at time = 10.0
12:0:30: calculating KDTree at time = 20.0
12:0:31: creating hist at time = 0.0
12:0:31: creating hist at time = 2.0
12:0:31: creating hist at time = 5.0
12:0:32: creating hist at time = 10.0
12:0:32: creating hist at time = 20.0
12:0:32: calculating run 2
12:0:32: calculating gamma = 0.1111111111111111
12:0:32: calculating KDTree at time = 0.0
12:0:34: calculating KDTree at time = 2.0
12:0:35: calculating KDTree at time = 5.0
12:0:36: calculating KDTree at time = 10.0
12:0:38: calculating KDTree at time = 20.0
12:0:39: creating hist at time = 0.0
12:0:40: creating hist at time = 2.0
12:0:40: creating hist at time = 5.0
12:0:40: creating hist at time = 10.0
12:0:40: creating hist at time = 20.0
12:0:41: calculating gamma = 0.125
12:0:41: calculating KDTree at time = 0.0
12:0:42: calculating KDTree at time = 2.0
12:0:44: calculating KDTree at time = 5.0
12:0:45: calculating KDTree at time = 10.0
12:0:46: calculating KDTree at time = 20.0
12:0:48: creating hist at time = 0.0
12:0:48: creating hist at time = 2.0
12:0:48: creating hist at time = 5.0
12:0:49: creating hist at time = 10.0
12:0:49: creating hist at time = 20.0
12:0:49: calculating gamma = 0.14285714285714285
12:0:49: calculating KDTree at time = 0.0
12:0:51: calculating KDTree at time = 2.0
12:0:52: calculating KDTree at time = 5.0
12:0:54: calculating KDTree at time = 10.0
12:0:55: calculating KDTree at time = 20.0
12:0:57: creating hist at time = 0.0
12:0:57: creating hist at time = 2.0
12:0:57: creating hist at time = 5.0
12:0:58: creating hist at time = 10.0
12:0:58: creating hist at time = 20.0
12:0:58: calculating gamma = 0.16666666666666666
12:0:58: calculating KDTree at time = 0.0
12:1:0: calculating KDTree at time = 2.0
12:1:1: calculating KDTree at time = 5.0
12:1:3: calculating KDTree at time = 10.0
12:1:4: calculating KDTree at time = 20.0
12:1:6: creating hist at time = 0.0
12:1:6: creating hist at time = 2.0
12:1:6: creating hist at time = 5.0
12:1:6: creating hist at time = 10.0
12:1:7: creating hist at time = 20.0
12:1:7: calculating gamma = 0.2
12:1:7: calculating KDTree at time = 0.0
12:1:9: calculating KDTree at time = 2.0
12:1:10: calculating KDTree at time = 5.0
12:1:11: calculating KDTree at time = 10.0
12:1:13: calculating KDTree at time = 20.0
12:1:14: creating hist at time = 0.0
12:1:14: creating hist at time = 2.0
12:1:14: creating hist at time = 5.0
12:1:15: creating hist at time = 10.0
12:1:15: creating hist at time = 20.0
12:1:15: calculating gamma = 0.25
12:1:15: calculating KDTree at time = 0.0
12:1:17: calculating KDTree at time = 2.0
12:1:18: calculating KDTree at time = 5.0
12:1:20: calculating KDTree at time = 10.0
12:1:21: calculating KDTree at time = 20.0
12:1:23: creating hist at time = 0.0
12:1:23: creating hist at time = 2.0
12:1:23: creating hist at time = 5.0
12:1:24: creating hist at time = 10.0
12:1:24: creating hist at time = 20.0
12:1:24: calculating gamma = 0.3333333333333333
12:1:24: calculating KDTree at time = 0.0
12:1:26: calculating KDTree at time = 2.0
12:1:27: calculating KDTree at time = 5.0
12:1:28: calculating KDTree at time = 10.0
12:1:30: calculating KDTree at time = 20.0
12:1:31: creating hist at time = 0.0
12:1:31: creating hist at time = 2.0
12:1:32: creating hist at time = 5.0
12:1:32: creating hist at time = 10.0
12:1:32: creating hist at time = 20.0
12:1:32: calculating run 3
12:1:32: calculating gamma = 0.1111111111111111
12:1:33: calculating KDTree at time = 0.0
12:1:34: calculating KDTree at time = 2.0
12:1:35: calculating KDTree at time = 5.0
12:1:37: calculating KDTree at time = 10.0
12:1:38: calculating KDTree at time = 20.0
12:1:39: creating hist at time = 0.0
12:1:40: creating hist at time = 2.0
12:1:40: creating hist at time = 5.0
12:1:40: creating hist at time = 10.0
12:1:41: creating hist at time = 20.0
12:1:41: calculating gamma = 0.125
12:1:41: calculating KDTree at time = 0.0
12:1:43: calculating KDTree at time = 2.0
12:1:44: calculating KDTree at time = 5.0
12:1:46: calculating KDTree at time = 10.0
12:1:47: calculating KDTree at time = 20.0
12:1:49: creating hist at time = 0.0
12:1:49: creating hist at time = 2.0
12:1:49: creating hist at time = 5.0
12:1:50: creating hist at time = 10.0
12:1:50: creating hist at time = 20.0
12:1:50: calculating gamma = 0.14285714285714285
12:1:51: calculating KDTree at time = 0.0
12:1:53: calculating KDTree at time = 2.0
12:1:54: calculating KDTree at time = 5.0
12:1:55: calculating KDTree at time = 10.0
12:1:57: calculating KDTree at time = 20.0
12:1:58: creating hist at time = 0.0
12:1:58: creating hist at time = 2.0
12:1:59: creating hist at time = 5.0
12:1:59: creating hist at time = 10.0
12:2:0: creating hist at time = 20.0
12:2:0: calculating gamma = 0.16666666666666666
12:2:0: calculating KDTree at time = 0.0
12:2:2: calculating KDTree at time = 2.0
12:2:3: calculating KDTree at time = 5.0
12:2:4: calculating KDTree at time = 10.0
12:2:6: calculating KDTree at time = 20.0
12:2:7: creating hist at time = 0.0
12:2:8: creating hist at time = 2.0
12:2:8: creating hist at time = 5.0
12:2:8: creating hist at time = 10.0
12:2:9: creating hist at time = 20.0
12:2:9: calculating gamma = 0.2
12:2:9: calculating KDTree at time = 0.0
12:2:11: calculating KDTree at time = 2.0
12:2:12: calculating KDTree at time = 5.0
12:2:13: calculating KDTree at time = 10.0
12:2:15: calculating KDTree at time = 20.0
12:2:16: creating hist at time = 0.0
12:2:17: creating hist at time = 2.0
12:2:17: creating hist at time = 5.0
12:2:17: creating hist at time = 10.0
12:2:17: creating hist at time = 20.0
12:2:18: calculating gamma = 0.25
12:2:18: calculating KDTree at time = 0.0
12:2:19: calculating KDTree at time = 2.0
12:2:21: calculating KDTree at time = 5.0
12:2:22: calculating KDTree at time = 10.0
12:2:24: calculating KDTree at time = 20.0
12:2:25: creating hist at time = 0.0
12:2:25: creating hist at time = 2.0
12:2:26: creating hist at time = 5.0
12:2:26: creating hist at time = 10.0
12:2:26: creating hist at time = 20.0
12:2:26: calculating gamma = 0.3333333333333333
12:2:27: calculating KDTree at time = 0.0
12:2:28: calculating KDTree at time = 2.0
12:2:30: calculating KDTree at time = 5.0
12:2:31: calculating KDTree at time = 10.0
12:2:33: calculating KDTree at time = 20.0
12:2:34: creating hist at time = 0.0
12:2:34: creating hist at time = 2.0
12:2:35: creating hist at time = 5.0
12:2:35: creating hist at time = 10.0
12:2:35: creating hist at time = 20.0
12:2:35: calculating run 4
12:2:35: calculating gamma = 0.1111111111111111
12:2:36: calculating KDTree at time = 0.0
12:2:37: calculating KDTree at time = 2.0
12:2:38: calculating KDTree at time = 5.0
12:2:40: calculating KDTree at time = 10.0
12:2:41: calculating KDTree at time = 20.0
12:2:43: creating hist at time = 0.0
12:2:43: creating hist at time = 2.0
12:2:43: creating hist at time = 5.0
12:2:44: creating hist at time = 10.0
12:2:44: creating hist at time = 20.0
12:2:44: calculating gamma = 0.125
12:2:44: calculating KDTree at time = 0.0
12:2:46: calculating KDTree at time = 2.0
12:2:47: calculating KDTree at time = 5.0
12:2:48: calculating KDTree at time = 10.0
12:2:50: calculating KDTree at time = 20.0
12:2:51: creating hist at time = 0.0
12:2:52: creating hist at time = 2.0
12:2:52: creating hist at time = 5.0
12:2:52: creating hist at time = 10.0
12:2:52: creating hist at time = 20.0
12:2:53: calculating gamma = 0.14285714285714285
12:2:53: calculating KDTree at time = 0.0
12:2:54: calculating KDTree at time = 2.0
12:2:56: calculating KDTree at time = 5.0
12:2:57: calculating KDTree at time = 10.0
12:2:58: calculating KDTree at time = 20.0
12:3:0: creating hist at time = 0.0
12:3:0: creating hist at time = 2.0
12:3:0: creating hist at time = 5.0
12:3:1: creating hist at time = 10.0
12:3:1: creating hist at time = 20.0
12:3:1: calculating gamma = 0.16666666666666666
12:3:1: calculating KDTree at time = 0.0
12:3:3: calculating KDTree at time = 2.0
12:3:4: calculating KDTree at time = 5.0
12:3:5: calculating KDTree at time = 10.0
12:3:7: calculating KDTree at time = 20.0
12:3:8: creating hist at time = 0.0
12:3:8: creating hist at time = 2.0
12:3:9: creating hist at time = 5.0
12:3:9: creating hist at time = 10.0
12:3:9: creating hist at time = 20.0
12:3:10: calculating gamma = 0.2
12:3:10: calculating KDTree at time = 0.0
12:3:11: calculating KDTree at time = 2.0
12:3:13: calculating KDTree at time = 5.0
12:3:14: calculating KDTree at time = 10.0
12:3:15: calculating KDTree at time = 20.0
12:3:17: creating hist at time = 0.0
12:3:17: creating hist at time = 2.0
12:3:17: creating hist at time = 5.0
12:3:18: creating hist at time = 10.0
12:3:18: creating hist at time = 20.0
12:3:18: calculating gamma = 0.25
12:3:18: calculating KDTree at time = 0.0
12:3:20: calculating KDTree at time = 2.0
12:3:21: calculating KDTree at time = 5.0
12:3:23: calculating KDTree at time = 10.0
12:3:24: calculating KDTree at time = 20.0
12:3:25: creating hist at time = 0.0
12:3:26: creating hist at time = 2.0
12:3:26: creating hist at time = 5.0
12:3:26: creating hist at time = 10.0
12:3:26: creating hist at time = 20.0
12:3:27: calculating gamma = 0.3333333333333333
12:3:27: calculating KDTree at time = 0.0
12:3:28: calculating KDTree at time = 2.0
12:3:30: calculating KDTree at time = 5.0
12:3:31: calculating KDTree at time = 10.0
12:3:33: calculating KDTree at time = 20.0
12:3:34: creating hist at time = 0.0
12:3:34: creating hist at time = 2.0
12:3:35: creating hist at time = 5.0
12:3:35: creating hist at time = 10.0
12:3:35: creating hist at time = 20.0
12:3:35: calculating run 5
12:3:35: calculating gamma = 0.1111111111111111
12:3:36: calculating KDTree at time = 0.0
12:3:37: calculating KDTree at time = 2.0
12:3:38: calculating KDTree at time = 5.0
12:3:40: calculating KDTree at time = 10.0
12:3:41: calculating KDTree at time = 20.0
12:3:43: creating hist at time = 0.0
12:3:43: creating hist at time = 2.0
12:3:43: creating hist at time = 5.0
12:3:44: creating hist at time = 10.0
12:3:44: creating hist at time = 20.0
12:3:44: calculating gamma = 0.125
12:3:44: calculating KDTree at time = 0.0
12:3:46: calculating KDTree at time = 2.0
12:3:47: calculating KDTree at time = 5.0
12:3:49: calculating KDTree at time = 10.0
12:3:50: calculating KDTree at time = 20.0
12:3:52: creating hist at time = 0.0
12:3:52: creating hist at time = 2.0
12:3:52: creating hist at time = 5.0
12:3:52: creating hist at time = 10.0
12:3:53: creating hist at time = 20.0
12:3:53: calculating gamma = 0.14285714285714285
12:3:53: calculating KDTree at time = 0.0
12:3:55: calculating KDTree at time = 2.0
12:3:56: calculating KDTree at time = 5.0
12:3:57: calculating KDTree at time = 10.0
12:3:59: calculating KDTree at time = 20.0
12:4:0: creating hist at time = 0.0
12:4:1: creating hist at time = 2.0
12:4:1: creating hist at time = 5.0
12:4:1: creating hist at time = 10.0
12:4:2: creating hist at time = 20.0
12:4:2: calculating gamma = 0.16666666666666666
12:4:2: calculating KDTree at time = 0.0
12:4:4: calculating KDTree at time = 2.0
12:4:5: calculating KDTree at time = 5.0
12:4:7: calculating KDTree at time = 10.0
12:4:8: calculating KDTree at time = 20.0
12:4:9: creating hist at time = 0.0
12:4:10: creating hist at time = 2.0
12:4:10: creating hist at time = 5.0
12:4:10: creating hist at time = 10.0
12:4:11: creating hist at time = 20.0
12:4:11: calculating gamma = 0.2
12:4:11: calculating KDTree at time = 0.0
12:4:13: calculating KDTree at time = 2.0
12:4:14: calculating KDTree at time = 5.0
12:4:15: calculating KDTree at time = 10.0
12:4:17: calculating KDTree at time = 20.0
12:4:18: creating hist at time = 0.0
12:4:18: creating hist at time = 2.0
12:4:19: creating hist at time = 5.0
12:4:19: creating hist at time = 10.0
12:4:19: creating hist at time = 20.0
12:4:20: calculating gamma = 0.25
12:4:20: calculating KDTree at time = 0.0
12:4:21: calculating KDTree at time = 2.0
12:4:23: calculating KDTree at time = 5.0
12:4:24: calculating KDTree at time = 10.0
12:4:26: calculating KDTree at time = 20.0
12:4:27: creating hist at time = 0.0
12:4:27: creating hist at time = 2.0
12:4:28: creating hist at time = 5.0
12:4:28: creating hist at time = 10.0
12:4:28: creating hist at time = 20.0
12:4:29: calculating gamma = 0.3333333333333333
12:4:29: calculating KDTree at time = 0.0
12:4:30: calculating KDTree at time = 2.0
12:4:32: calculating KDTree at time = 5.0
12:4:33: calculating KDTree at time = 10.0
12:4:35: calculating KDTree at time = 20.0
12:4:36: creating hist at time = 0.0
12:4:36: creating hist at time = 2.0
12:4:37: creating hist at time = 5.0
12:4:37: creating hist at time = 10.0
12:4:37: creating hist at time = 20.0
12:4:38: calculating run 6
12:4:38: calculating gamma = 0.1111111111111111
12:4:38: calculating KDTree at time = 0.0
12:4:39: calculating KDTree at time = 2.0
12:4:41: calculating KDTree at time = 5.0
12:4:42: calculating KDTree at time = 10.0
12:4:44: calculating KDTree at time = 20.0
12:4:45: creating hist at time = 0.0
12:4:45: creating hist at time = 2.0
12:4:46: creating hist at time = 5.0
12:4:46: creating hist at time = 10.0
12:4:46: creating hist at time = 20.0
12:4:47: calculating gamma = 0.125
12:4:47: calculating KDTree at time = 0.0
12:4:48: calculating KDTree at time = 2.0
12:4:50: calculating KDTree at time = 5.0
12:4:51: calculating KDTree at time = 10.0
12:4:52: calculating KDTree at time = 20.0
12:4:54: creating hist at time = 0.0
12:4:54: creating hist at time = 2.0
12:4:54: creating hist at time = 5.0
12:4:55: creating hist at time = 10.0
12:4:55: creating hist at time = 20.0
12:4:55: calculating gamma = 0.14285714285714285
12:4:55: calculating KDTree at time = 0.0
12:4:57: calculating KDTree at time = 2.0
12:4:58: calculating KDTree at time = 5.0
12:5:0: calculating KDTree at time = 10.0
12:5:1: calculating KDTree at time = 20.0
12:5:3: creating hist at time = 0.0
12:5:3: creating hist at time = 2.0
12:5:3: creating hist at time = 5.0
12:5:4: creating hist at time = 10.0
12:5:4: creating hist at time = 20.0
12:5:4: calculating gamma = 0.16666666666666666
12:5:4: calculating KDTree at time = 0.0
12:5:6: calculating KDTree at time = 2.0
12:5:7: calculating KDTree at time = 5.0
12:5:9: calculating KDTree at time = 10.0
12:5:10: calculating KDTree at time = 20.0
12:5:11: creating hist at time = 0.0
12:5:12: creating hist at time = 2.0
12:5:12: creating hist at time = 5.0
12:5:12: creating hist at time = 10.0
12:5:13: creating hist at time = 20.0
12:5:13: calculating gamma = 0.2
12:5:13: calculating KDTree at time = 0.0
12:5:15: calculating KDTree at time = 2.0
12:5:16: calculating KDTree at time = 5.0
12:5:18: calculating KDTree at time = 10.0
12:5:19: calculating KDTree at time = 20.0
12:5:20: creating hist at time = 0.0
12:5:21: creating hist at time = 2.0
12:5:21: creating hist at time = 5.0
12:5:21: creating hist at time = 10.0
12:5:22: creating hist at time = 20.0
12:5:22: calculating gamma = 0.25
12:5:22: calculating KDTree at time = 0.0
12:5:23: calculating KDTree at time = 2.0
12:5:25: calculating KDTree at time = 5.0
12:5:26: calculating KDTree at time = 10.0
12:5:27: calculating KDTree at time = 20.0
12:5:29: creating hist at time = 0.0
12:5:29: creating hist at time = 2.0
12:5:29: creating hist at time = 5.0
12:5:30: creating hist at time = 10.0
12:5:30: creating hist at time = 20.0
12:5:30: calculating gamma = 0.3333333333333333
12:5:31: calculating KDTree at time = 0.0
12:5:32: calculating KDTree at time = 2.0
12:5:33: calculating KDTree at time = 5.0
12:5:35: calculating KDTree at time = 10.0
12:5:36: calculating KDTree at time = 20.0
12:5:38: creating hist at time = 0.0
12:5:38: creating hist at time = 2.0
12:5:39: creating hist at time = 5.0
12:5:39: creating hist at time = 10.0
12:5:39: creating hist at time = 20.0
12:5:39: calculating run 7
12:5:39: calculating gamma = 0.1111111111111111
12:5:40: calculating KDTree at time = 0.0
12:5:41: calculating KDTree at time = 2.0
12:5:42: calculating KDTree at time = 5.0
12:5:44: calculating KDTree at time = 10.0
12:5:45: calculating KDTree at time = 20.0
12:5:46: creating hist at time = 0.0
12:5:47: creating hist at time = 2.0
12:5:47: creating hist at time = 5.0
12:5:47: creating hist at time = 10.0
12:5:48: creating hist at time = 20.0
12:5:48: calculating gamma = 0.125
12:5:48: calculating KDTree at time = 0.0
12:5:49: calculating KDTree at time = 2.0
12:5:51: calculating KDTree at time = 5.0
12:5:52: calculating KDTree at time = 10.0
12:5:54: calculating KDTree at time = 20.0
12:5:55: creating hist at time = 0.0
12:5:55: creating hist at time = 2.0
12:5:56: creating hist at time = 5.0
12:5:56: creating hist at time = 10.0
12:5:56: creating hist at time = 20.0
12:5:57: calculating gamma = 0.14285714285714285
12:5:57: calculating KDTree at time = 0.0
12:5:58: calculating KDTree at time = 2.0
12:5:59: calculating KDTree at time = 5.0
12:6:1: calculating KDTree at time = 10.0
12:6:2: calculating KDTree at time = 20.0
12:6:4: creating hist at time = 0.0
12:6:4: creating hist at time = 2.0
12:6:4: creating hist at time = 5.0
12:6:4: creating hist at time = 10.0
12:6:5: creating hist at time = 20.0
12:6:5: calculating gamma = 0.16666666666666666
12:6:5: calculating KDTree at time = 0.0
12:6:7: calculating KDTree at time = 2.0
12:6:8: calculating KDTree at time = 5.0
12:6:9: calculating KDTree at time = 10.0
12:6:11: calculating KDTree at time = 20.0
12:6:12: creating hist at time = 0.0
12:6:13: creating hist at time = 2.0
12:6:13: creating hist at time = 5.0
12:6:14: creating hist at time = 10.0
12:6:14: creating hist at time = 20.0
12:6:14: calculating gamma = 0.2
12:6:14: calculating KDTree at time = 0.0
12:6:16: calculating KDTree at time = 2.0
12:6:17: calculating KDTree at time = 5.0
12:6:19: calculating KDTree at time = 10.0
12:6:20: calculating KDTree at time = 20.0
12:6:22: creating hist at time = 0.0
12:6:22: creating hist at time = 2.0
12:6:23: creating hist at time = 5.0
12:6:23: creating hist at time = 10.0
12:6:23: creating hist at time = 20.0
12:6:23: calculating gamma = 0.25
12:6:24: calculating KDTree at time = 0.0
12:6:25: calculating KDTree at time = 2.0
12:6:26: calculating KDTree at time = 5.0
12:6:28: calculating KDTree at time = 10.0
12:6:29: calculating KDTree at time = 20.0
12:6:31: creating hist at time = 0.0
12:6:31: creating hist at time = 2.0
12:6:31: creating hist at time = 5.0
12:6:32: creating hist at time = 10.0
12:6:32: creating hist at time = 20.0
12:6:32: calculating gamma = 0.3333333333333333
12:6:32: calculating KDTree at time = 0.0
12:6:34: calculating KDTree at time = 2.0
12:6:35: calculating KDTree at time = 5.0
12:6:37: calculating KDTree at time = 10.0
12:6:38: calculating KDTree at time = 20.0
12:6:39: creating hist at time = 0.0
12:6:40: creating hist at time = 2.0
12:6:40: creating hist at time = 5.0
12:6:40: creating hist at time = 10.0
12:6:41: creating hist at time = 20.0
12:6:41: calculating run 8
12:6:41: calculating gamma = 0.1111111111111111
12:6:41: calculating KDTree at time = 0.0
12:6:43: calculating KDTree at time = 2.0
12:6:44: calculating KDTree at time = 5.0
12:6:45: calculating KDTree at time = 10.0
12:6:47: calculating KDTree at time = 20.0
12:6:48: creating hist at time = 0.0
12:6:48: creating hist at time = 2.0
12:6:49: creating hist at time = 5.0
12:6:49: creating hist at time = 10.0
12:6:49: creating hist at time = 20.0
12:6:50: calculating gamma = 0.125
12:6:50: calculating KDTree at time = 0.0
12:6:51: calculating KDTree at time = 2.0
12:6:52: calculating KDTree at time = 5.0
12:6:54: calculating KDTree at time = 10.0
12:6:55: calculating KDTree at time = 20.0
12:6:57: creating hist at time = 0.0
12:6:57: creating hist at time = 2.0
12:6:57: creating hist at time = 5.0
12:6:58: creating hist at time = 10.0
12:6:58: creating hist at time = 20.0
12:6:58: calculating gamma = 0.14285714285714285
12:6:59: calculating KDTree at time = 0.0
12:7:0: calculating KDTree at time = 2.0
12:7:2: calculating KDTree at time = 5.0
12:7:3: calculating KDTree at time = 10.0
12:7:5: calculating KDTree at time = 20.0
12:7:6: creating hist at time = 0.0
12:7:6: creating hist at time = 2.0
12:7:6: creating hist at time = 5.0
12:7:7: creating hist at time = 10.0
12:7:7: creating hist at time = 20.0
12:7:7: calculating gamma = 0.16666666666666666
12:7:8: calculating KDTree at time = 0.0
12:7:9: calculating KDTree at time = 2.0
12:7:10: calculating KDTree at time = 5.0
12:7:12: calculating KDTree at time = 10.0
12:7:13: calculating KDTree at time = 20.0
12:7:14: creating hist at time = 0.0
12:7:15: creating hist at time = 2.0
12:7:15: creating hist at time = 5.0
12:7:15: creating hist at time = 10.0
12:7:16: creating hist at time = 20.0
12:7:16: calculating gamma = 0.2
12:7:16: calculating KDTree at time = 0.0
12:7:18: calculating KDTree at time = 2.0
12:7:19: calculating KDTree at time = 5.0
12:7:20: calculating KDTree at time = 10.0
12:7:22: calculating KDTree at time = 20.0
12:7:23: creating hist at time = 0.0
12:7:23: creating hist at time = 2.0
12:7:24: creating hist at time = 5.0
12:7:24: creating hist at time = 10.0
12:7:24: creating hist at time = 20.0
12:7:25: calculating gamma = 0.25
12:7:25: calculating KDTree at time = 0.0
12:7:26: calculating KDTree at time = 2.0
12:7:27: calculating KDTree at time = 5.0
12:7:29: calculating KDTree at time = 10.0
12:7:30: calculating KDTree at time = 20.0
12:7:32: creating hist at time = 0.0
12:7:32: creating hist at time = 2.0
12:7:32: creating hist at time = 5.0
12:7:33: creating hist at time = 10.0
12:7:33: creating hist at time = 20.0
12:7:33: calculating gamma = 0.3333333333333333
12:7:34: calculating KDTree at time = 0.0
12:7:35: calculating KDTree at time = 2.0
12:7:36: calculating KDTree at time = 5.0
12:7:38: calculating KDTree at time = 10.0
12:7:39: calculating KDTree at time = 20.0
12:7:41: creating hist at time = 0.0
12:7:41: creating hist at time = 2.0
12:7:41: creating hist at time = 5.0
12:7:42: creating hist at time = 10.0
12:7:42: creating hist at time = 20.0
12:7:42: calculating run 9
12:7:42: calculating gamma = 0.1111111111111111
12:7:43: calculating KDTree at time = 0.0
12:7:44: calculating KDTree at time = 2.0
12:7:45: calculating KDTree at time = 5.0
12:7:47: calculating KDTree at time = 10.0
12:7:48: calculating KDTree at time = 20.0
12:7:50: creating hist at time = 0.0
12:7:50: creating hist at time = 2.0
12:7:50: creating hist at time = 5.0
12:7:51: creating hist at time = 10.0
12:7:51: creating hist at time = 20.0
12:7:51: calculating gamma = 0.125
12:7:51: calculating KDTree at time = 0.0
12:7:53: calculating KDTree at time = 2.0
12:7:54: calculating KDTree at time = 5.0
12:7:56: calculating KDTree at time = 10.0
12:7:57: calculating KDTree at time = 20.0
12:7:59: creating hist at time = 0.0
12:7:59: creating hist at time = 2.0
12:7:59: creating hist at time = 5.0
12:8:0: creating hist at time = 10.0
12:8:0: creating hist at time = 20.0
12:8:0: calculating gamma = 0.14285714285714285
12:8:0: calculating KDTree at time = 0.0
12:8:2: calculating KDTree at time = 2.0
12:8:3: calculating KDTree at time = 5.0
12:8:5: calculating KDTree at time = 10.0
12:8:6: calculating KDTree at time = 20.0
12:8:7: creating hist at time = 0.0
12:8:8: creating hist at time = 2.0
12:8:8: creating hist at time = 5.0
12:8:8: creating hist at time = 10.0
12:8:8: creating hist at time = 20.0
12:8:9: calculating gamma = 0.16666666666666666
12:8:9: calculating KDTree at time = 0.0
12:8:10: calculating KDTree at time = 2.0
12:8:12: calculating KDTree at time = 5.0
12:8:13: calculating KDTree at time = 10.0
12:8:15: calculating KDTree at time = 20.0
12:8:16: creating hist at time = 0.0
12:8:16: creating hist at time = 2.0
12:8:17: creating hist at time = 5.0
12:8:17: creating hist at time = 10.0
12:8:17: creating hist at time = 20.0
12:8:18: calculating gamma = 0.2
12:8:18: calculating KDTree at time = 0.0
12:8:19: calculating KDTree at time = 2.0
12:8:21: calculating KDTree at time = 5.0
12:8:22: calculating KDTree at time = 10.0
12:8:24: calculating KDTree at time = 20.0
12:8:25: creating hist at time = 0.0
12:8:26: creating hist at time = 2.0
12:8:26: creating hist at time = 5.0
12:8:26: creating hist at time = 10.0
12:8:27: creating hist at time = 20.0
12:8:27: calculating gamma = 0.25
12:8:27: calculating KDTree at time = 0.0
12:8:28: calculating KDTree at time = 2.0
12:8:30: calculating KDTree at time = 5.0
12:8:31: calculating KDTree at time = 10.0
12:8:33: calculating KDTree at time = 20.0
12:8:34: creating hist at time = 0.0
12:8:35: creating hist at time = 2.0
12:8:35: creating hist at time = 5.0
12:8:35: creating hist at time = 10.0
12:8:36: creating hist at time = 20.0
12:8:36: calculating gamma = 0.3333333333333333
12:8:36: calculating KDTree at time = 0.0
12:8:38: calculating KDTree at time = 2.0
12:8:39: calculating KDTree at time = 5.0
12:8:40: calculating KDTree at time = 10.0
12:8:42: calculating KDTree at time = 20.0
12:8:43: creating hist at time = 0.0
12:8:44: creating hist at time = 2.0
12:8:44: creating hist at time = 5.0
12:8:44: creating hist at time = 10.0
12:8:45: creating hist at time = 20.0
12:11:7: loaded hist_df from /extra/brunner/thesis/kinetic/q_fraction_medium_neg_g_scan_multi/
12:11:7: saving avg_hist_df: /extra/brunner/thesis/kinetic/q_fraction_medium_neg_g_scan_multi/10_runs_avg_hist_df.h5
12:11:39: loaded hist_df from /extra/brunner/thesis/kinetic/q_fraction_medium_pos_g_scan_multi/
12:11:39: saving avg_hist_df: /extra/brunner/thesis/kinetic/q_fraction_medium_pos_g_scan_multi/10_runs_avg_hist_df.h5
